#-----------------------------------------------------------
# Vivado v2020.1 (64-bit)
# SW Build 2902540 on Wed May 27 19:54:35 MDT 2020
# IP Build 2902112 on Wed May 27 22:43:36 MDT 2020
# Start of session at: Tue Nov 16 12:46:25 2021
# Process ID: 18746
# Current directory: /home/pab/projects/digsys_2021
# Command line: vivado -mode batch -source synthesize.tcl
# Log file: /home/pab/projects/digsys_2021/vivado.log
# Journal file: /home/pab/projects/digsys_2021/vivado.jou
#-----------------------------------------------------------
source synthesize.tcl
# set origin_dir "."
# set start_time [clock clicks -milliseconds]
# cd [file dirname [file normalize [info script]]]
# source -notrace [file normalize "$origin_dir/procedures.tcl"]
loaded procedures
# safe_close_project
# source -notrace [file normalize "${origin_dir}/generate_IP.tcl"]
loaded procedures
ERROR: [Coretcl 2-27] Can't find specified project.

    while executing
"source -notrace [file normalize "${origin_dir}/generate_IP.tcl"]"
    (file "synthesize.tcl" line 12)
INFO: [Common 17-206] Exiting Vivado at Tue Nov 16 12:46:32 2021...
